[debug] [2021-04-22T09:27:24.096Z] ----------------------------------------------------------------------
[debug] [2021-04-22T09:27:24.097Z] Command:       C:\Program Files\nodejs\node.exe C:\Program Files\nodejs\node_modules\firebase-tools\lib\bin\firebase.js deploy
[debug] [2021-04-22T09:27:24.098Z] CLI Version:   9.5.0
[debug] [2021-04-22T09:27:24.098Z] Platform:      win32
[debug] [2021-04-22T09:27:24.098Z] Node Version:  v14.16.0
[debug] [2021-04-22T09:27:24.098Z] Time:          Thu Apr 22 2021 03:27:24 GMT-0600 (Mountain Daylight Time)
[debug] [2021-04-22T09:27:24.099Z] ----------------------------------------------------------------------
[debug] [2021-04-22T09:27:24.099Z] 
[debug] [2021-04-22T09:27:24.105Z] > command requires scopes: ["email","openid","https://www.googleapis.com/auth/cloudplatformprojects.readonly","https://www.googleapis.com/auth/firebase","https://www.googleapis.com/auth/cloud-platform"]
[debug] [2021-04-22T09:27:24.105Z] > authorizing via signed-in user
[debug] [2021-04-22T09:27:24.105Z] [iam] checking project dev for permissions ["firebase.projects.get","firebasehosting.sites.update"]
[debug] [2021-04-22T09:27:24.107Z] > refreshing access token with scopes: ["email","https://www.googleapis.com/auth/cloud-platform","https://www.googleapis.com/auth/cloudplatformprojects.readonly","https://www.googleapis.com/auth/firebase","openid"]
[debug] [2021-04-22T09:27:24.107Z] >>> HTTP REQUEST POST https://www.googleapis.com/oauth2/v3/token  
 <request body omitted>
[debug] [2021-04-22T09:27:24.238Z] <<< HTTP RESPONSE 200 {"date":"Thu, 22 Apr 2021 09:27:24 GMT","pragma":"no-cache","expires":"Mon, 01 Jan 1990 00:00:00 GMT","cache-control":"no-cache, no-store, max-age=0, must-revalidate","content-type":"application/json; charset=utf-8","vary":"X-Origin, Referer, Origin,Accept-Encoding","server":"scaffolding on HTTPServer2","x-xss-protection":"0","x-frame-options":"SAMEORIGIN","x-content-type-options":"nosniff","alt-svc":"h3-29=\":443\"; ma=2592000,h3-T051=\":443\"; ma=2592000,h3-Q050=\":443\"; ma=2592000,h3-Q046=\":443\"; ma=2592000,h3-Q043=\":443\"; ma=2592000,quic=\":443\"; ma=2592000; v=\"46,43\"","accept-ranges":"none","transfer-encoding":"chunked"}
[debug] [2021-04-22T09:27:24.247Z] >>> HTTP REQUEST POST https://cloudresourcemanager.googleapis.com/v1/projects/dev:testIamPermissions  
 {"permissions":["firebase.projects.get","firebasehosting.sites.update"]}
[debug] [2021-04-22T09:27:24.497Z] <<< HTTP RESPONSE 200 {"content-type":"application/json; charset=UTF-8","vary":"X-Origin, Referer, Origin,Accept-Encoding","date":"Thu, 22 Apr 2021 09:27:24 GMT","server":"ESF","cache-control":"private","x-xss-protection":"0","x-frame-options":"SAMEORIGIN","x-content-type-options":"nosniff","server-timing":"gfet4t7; dur=109","alt-svc":"h3-29=\":443\"; ma=2592000,h3-T051=\":443\"; ma=2592000,h3-Q050=\":443\"; ma=2592000,h3-Q046=\":443\"; ma=2592000,h3-Q043=\":443\"; ma=2592000,quic=\":443\"; ma=2592000; v=\"46,43\"","accept-ranges":"none","transfer-encoding":"chunked"}
[debug] [2021-04-22T09:27:24.498Z] [iam] error while checking permissions, command may fail: FirebaseError: Authorization failed. This account is missing the following required permissions on project dev:

  firebase.projects.get
  firebasehosting.sites.update
[debug] [2021-04-22T09:27:24.499Z] > refreshing access token with scopes: []
[debug] [2021-04-22T09:27:24.499Z] >>> HTTP REQUEST POST https://www.googleapis.com/oauth2/v3/token  
 <request body omitted>
[debug] [2021-04-22T09:27:24.630Z] <<< HTTP RESPONSE 200 {"expires":"Mon, 01 Jan 1990 00:00:00 GMT","pragma":"no-cache","cache-control":"no-cache, no-store, max-age=0, must-revalidate","date":"Thu, 22 Apr 2021 09:27:25 GMT","content-type":"application/json; charset=utf-8","vary":"X-Origin, Referer, Origin,Accept-Encoding","server":"scaffolding on HTTPServer2","x-xss-protection":"0","x-frame-options":"SAMEORIGIN","x-content-type-options":"nosniff","alt-svc":"h3-29=\":443\"; ma=2592000,h3-T051=\":443\"; ma=2592000,h3-Q050=\":443\"; ma=2592000,h3-Q046=\":443\"; ma=2592000,h3-Q043=\":443\"; ma=2592000,quic=\":443\"; ma=2592000; v=\"46,43\"","accept-ranges":"none","transfer-encoding":"chunked"}
[debug] [2021-04-22T09:27:24.638Z] >>> [apiv2][query] GET https://firebase.googleapis.com/v1beta1/projects/dev [none]
[debug] [2021-04-22T09:27:24.898Z] <<< [apiv2][status] GET https://firebase.googleapis.com/v1beta1/projects/dev 403
[debug] [2021-04-22T09:27:24.898Z] <<< [apiv2][body] GET https://firebase.googleapis.com/v1beta1/projects/dev {"error":{"code":403,"message":"The caller does not have permission","status":"PERMISSION_DENIED"}}
[debug] [2021-04-22T09:27:24.898Z] HTTP Error: 403, The caller does not have permission
[debug] [2021-04-22T09:27:25.016Z] FirebaseError: HTTP Error: 403, The caller does not have permission
    at module.exports (C:\Program Files\nodejs\node_modules\firebase-tools\lib\responseToError.js:38:12)
    at Client.doRequest (C:\Program Files\nodejs\node_modules\firebase-tools\lib\apiv2.js:238:23)
    at processTicksAndRejections (internal/process/task_queues.js:93:5)
    at async Client.request (C:\Program Files\nodejs\node_modules\firebase-tools\lib\apiv2.js:96:20)
    at async Object.getFirebaseProject (C:\Program Files\nodejs\node_modules\firebase-tools\lib\management\projects.js:289:21)
    at async Object.getDefaultHostingSite (C:\Program Files\nodejs\node_modules\firebase-tools\lib\getDefaultHostingSite.js:8:21)
    at async requireHostingSite (C:\Program Files\nodejs\node_modules\firebase-tools\lib\requireHostingSite.js:9:18)
    at async Object.fn (C:\Program Files\nodejs\node_modules\firebase-tools\lib\commands\deploy.js:66:9)
    at async C:\Program Files\nodejs\node_modules\firebase-tools\lib\command.js:161:17
[error] 
[error] Error: Failed to get Firebase project dev. Please make sure the project exists and your account has permission to access it.
